<?xml version="1.0" encoding="UTF-8"?>
<testng-results ignored="0" total="1" passed="1" failed="0" skipped="0">
  <reporter-output>
  </reporter-output>
  <suite started-at="2024-08-28T19:08:05 IST" name="Default suite" finished-at="2024-08-28T19:08:07 IST" duration-ms="2561">
    <groups>
    </groups>
    <test started-at="2024-08-28T19:08:05 IST" name="Default test" finished-at="2024-08-28T19:08:07 IST" duration-ms="2561">
      <class name="Project1.adminonboarding">
        <test-method signature="testExamples()[pri:0, instance:Project1.adminonboarding@f27ea3]" started-at="2024-08-28T19:08:05 IST" name="testExamples" finished-at="2024-08-28T19:08:07 IST" duration-ms="2498" status="PASS">
          <reporter-output>
          </reporter-output>
        </test-method> <!-- testExamples -->
      </class> <!-- Project1.adminonboarding -->
    </test> <!-- Default test -->
  </suite> <!-- Default suite -->
</testng-results>
